TN:
SF:src/post/api.ts
FN:6,PostClientApi
FN:8,create
FN:12,getAll
FN:16,getById
FN:20,update
FN:26,delete
FNF:6
FNH:6
FNDA:1,PostClientApi
FNDA:1,create
FNDA:1,getAll
FNDA:1,getById
FNDA:1,update
FNDA:1,delete
DA:1,1
DA:2,1
DA:3,1
DA:4,1
DA:5,1
DA:6,1
DA:7,1
DA:8,1
DA:9,1
DA:10,1
DA:11,1
DA:12,1
DA:13,1
DA:14,1
DA:15,1
DA:16,1
DA:17,1
DA:18,1
DA:19,1
DA:20,1
DA:21,1
DA:22,1
DA:23,1
DA:24,1
DA:25,1
DA:26,1
DA:27,1
DA:28,1
DA:29,1
LF:29
LH:29
BRDA:29,0,0,1
BRDA:6,1,0,1
BRDA:8,2,0,1
BRDA:9,3,0,1
BRDA:12,4,0,1
BRDA:13,5,0,1
BRDA:16,6,0,1
BRDA:17,7,0,1
BRDA:20,8,0,1
BRDA:23,9,0,1
BRDA:26,10,0,1
BRF:11
BRH:11
end_of_record
